<?xml version="1.0" encoding="UTF-8"?>
<!-- Generated by org.testng.reporters.JUnitReportReporter -->
<testsuite hostname="IITC-WS-QA02" name="smokeTestCasesEstimates.TC04_estimate_with_services" tests="1" failures="0" timestamp="11 Sep 2018 14:50:36 GMT" time="55.345" errors="0">
  <testcase name="estimatewithservice" time="55.345" classname="smokeTestCasesEstimates.TC04_estimate_with_services"/>
</testsuite> <!-- smokeTestCasesEstimates.TC04_estimate_with_services -->
