<?xml version="1.0" encoding="UTF-8"?>
<!-- Generated by org.testng.reporters.JUnitReportReporter -->
<testsuite hostname="IITC-WS-QA02" name="testCasesEstimates.TC09_estimate_contracttemplate" tests="1" failures="0" timestamp="7 Mar 2018 12:48:48 GMT" time="99.254" errors="0">
  <testcase name="addcontractTemplate" time="99.254" classname="testCasesEstimates.TC09_estimate_contracttemplate"/>
</testsuite> <!-- testCasesEstimates.TC09_estimate_contracttemplate -->
