<?xml version="1.0" encoding="UTF-8"?>
<!-- Generated by org.testng.reporters.JUnitReportReporter -->
<testsuite hostname="IITC-WS-QA02" name="testCases.TC06_estimate_with_wizardservices" tests="1" failures="0" timestamp="12 Dec 2017 12:42:18 GMT" time="12.839" errors="0">
  <testcase name="addWizardService" time="12.839" classname="testCases.TC06_estimate_with_wizardservices"/>
</testsuite> <!-- testCases.TC06_estimate_with_wizardservices -->
