<?xml version="1.0" encoding="UTF-8"?>
<!-- Generated by org.testng.reporters.JUnitReportReporter -->
<testsuite hostname="IITC-WS-QA02" name="testCasesOrders.TC05_order_taxcalculation" tests="1" failures="0" timestamp="7 Mar 2018 10:36:51 GMT" time="23.906" errors="0">
  <testcase name="orderwithservice" time="23.906" classname="testCasesOrders.TC05_order_taxcalculation"/>
</testsuite> <!-- testCasesOrders.TC05_order_taxcalculation -->
