<?xml version="1.0" encoding="UTF-8"?>
<!-- Generated by org.testng.reporters.JUnitReportReporter -->
<testsuite hostname="IITC-WS-QA02" name="testCases.Login" tests="1" failures="0" timestamp="3 Nov 2017 11:53:29 GMT" time="5.325" errors="0">
  <testcase name="login_page" time="5.325" classname="testCases.Login"/>
</testsuite> <!-- testCases.Login -->
