<?xml version="1.0" encoding="UTF-8"?>
<!-- Generated by org.testng.reporters.JUnitReportReporter -->
<testsuite hostname="IITC-WS-QA02" name="smokeTestCasesOrders.TC01_Login" tests="1" failures="0" timestamp="10 Sep 2018 15:06:48 GMT" time="4.773" errors="0">
  <testcase name="login_page" time="4.773" classname="smokeTestCasesOrders.TC01_Login"/>
</testsuite> <!-- smokeTestCasesOrders.TC01_Login -->
