<?xml version="1.0" encoding="UTF-8"?>
<!-- Generated by org.testng.reporters.JUnitReportReporter -->
<testsuite hostname="IITC-WS-QA02" name="smokeTestCasesOrders.TC14_order_versioncopy" tests="1" failures="0" timestamp="27 May 2019 12:23:16 GMT" time="10.044" errors="0">
  <testcase name="verTabCopy" time="10.044" classname="smokeTestCasesOrders.TC14_order_versioncopy"/>
</testsuite> <!-- smokeTestCasesOrders.TC14_order_versioncopy -->
