<?xml version="1.0" encoding="UTF-8"?>
<!-- Generated by org.testng.reporters.JUnitReportReporter -->
<testsuite hostname="IITC-WS-QA02" name="testCases.TC03_estimate_without_services" tests="1" failures="0" timestamp="12 Dec 2017 12:42:18 GMT" time="37.069" errors="0">
  <testcase name="estimatewithoutcservices" time="37.069" classname="testCases.TC03_estimate_without_services"/>
</testsuite> <!-- testCases.TC03_estimate_without_services -->
