<?xml version="1.0" encoding="UTF-8"?>
<!-- Generated by org.testng.reporters.JUnitReportReporter -->
<testsuite hostname="IITC-WS-QA02" name="smokeTestCasesOrders.TC20_order_singledrop_versiontab" tests="1" failures="0" timestamp="10 Sep 2018 15:06:48 GMT" time="63.160" errors="0">
  <testcase name="singledrop_vertab" time="63.160" classname="smokeTestCasesOrders.TC20_order_singledrop_versiontab"/>
</testsuite> <!-- smokeTestCasesOrders.TC20_order_singledrop_versiontab -->
