<?xml version="1.0" encoding="UTF-8"?>
<!-- Generated by org.testng.reporters.JUnitReportReporter -->
<testsuite hostname="IITC-WS-QA02" name="smokeTestCasesOrders.TC11_order_attachments" tests="1" failures="0" timestamp="10 Sep 2018 15:06:48 GMT" time="82.665" errors="0">
  <testcase name="attachments" time="82.665" classname="smokeTestCasesOrders.TC11_order_attachments"/>
</testsuite> <!-- smokeTestCasesOrders.TC11_order_attachments -->
