<?xml version="1.0" encoding="UTF-8"?>
<!-- Generated by org.testng.reporters.JUnitReportReporter -->
<testsuite hostname="Sumit" name="smokeTestCasesEstimatesTaxCalculations.TC01_Login" tests="1" failures="0" timestamp="3 Aug 2019 07:08:28 GMT" time="10.481" errors="0">
  <testcase name="login_page" time="10.481" classname="smokeTestCasesEstimatesTaxCalculations.TC01_Login"/>
</testsuite> <!-- smokeTestCasesEstimatesTaxCalculations.TC01_Login -->
