<?xml version="1.0" encoding="UTF-8"?>
<!-- Generated by org.testng.reporters.JUnitReportReporter -->
<testsuite hostname="IITC-WS-QA02" name="testCasesOrders.TC02_order_without_customer" tests="1" failures="0" timestamp="7 Mar 2018 10:36:51 GMT" time="18.729" errors="0">
  <testcase name="orderwithoutcustomer" time="18.729" classname="testCasesOrders.TC02_order_without_customer"/>
</testsuite> <!-- testCasesOrders.TC02_order_without_customer -->
