<?xml version="1.0" encoding="UTF-8"?>
<!-- Generated by org.testng.reporters.JUnitReportReporter -->
<testsuite hostname="IITC-WS-QA02" name="testCasesEstimates.TC10_estimate_exportorder" tests="1" failures="0" timestamp="7 Mar 2018 12:48:48 GMT" time="60.450" errors="0">
  <testcase name="OrderExport" time="60.450" classname="testCasesEstimates.TC10_estimate_exportorder"/>
</testsuite> <!-- testCasesEstimates.TC10_estimate_exportorder -->
