<?xml version="1.0" encoding="UTF-8"?>
<!-- Generated by org.testng.reporters.JUnitReportReporter -->
<testsuite hostname="IITC-WS-QA02" name="smokeTestCasesOrders.TC19_order_singledrop1" tests="1" failures="0" timestamp="27 May 2019 12:23:16 GMT" time="10.055" errors="0">
  <testcase name="singledrop1" time="10.055" classname="smokeTestCasesOrders.TC19_order_singledrop1"/>
</testsuite> <!-- smokeTestCasesOrders.TC19_order_singledrop1 -->
