<?xml version="1.0" encoding="UTF-8"?>
<!-- Generated by org.testng.reporters.JUnitReportReporter -->
<testsuite hostname="IITC-WS-QA02" name="smokeTestCasesPO.TC05_PODelete" tests="1" failures="0" timestamp="14 Jun 2019 07:59:53 GMT" time="1.822" errors="0">
  <testcase name="PODeletion" time="1.822" classname="smokeTestCasesPO.TC05_PODelete"/>
</testsuite> <!-- smokeTestCasesPO.TC05_PODelete -->
