<?xml version="1.0" encoding="UTF-8"?>
<!-- Generated by org.testng.reporters.JUnitReportReporter -->
<testsuite hostname="IITC-WS-QA02" name="smokeTestCasesPO.TC06_NewPO" tests="1" failures="0" timestamp="19 Mar 2019 11:09:43 GMT" time="8.070" errors="0">
  <testcase name="POCreate" time="8.070" classname="smokeTestCasesPO.TC06_NewPO"/>
</testsuite> <!-- smokeTestCasesPO.TC06_NewPO -->
