<?xml version="1.0" encoding="UTF-8"?>
<!-- Generated by org.testng.reporters.JUnitReportReporter -->
<testsuite hostname="IITC-WS-QA02" name="smokeTestCasesPO.TC05_PODelete" tests="1" failures="0" timestamp="27 Mar 2019 12:16:23 GMT" time="0.179" errors="0">
  <testcase name="PODeletion" time="0.179" classname="smokeTestCasesPO.TC05_PODelete"/>
</testsuite> <!-- smokeTestCasesPO.TC05_PODelete -->
