<?xml version="1.0" encoding="UTF-8"?>
<!-- Generated by org.testng.reporters.JUnitReportReporter -->
<testsuite hostname="IITC-WS-QA02" name="testCases.TC07_estimate_with_swfservices" tests="1" failures="0" timestamp="12 Dec 2017 12:42:18 GMT" time="32.484" errors="0">
  <testcase name="addswf" time="32.484" classname="testCases.TC07_estimate_with_swfservices"/>
</testsuite> <!-- testCases.TC07_estimate_with_swfservices -->
