<?xml version="1.0" encoding="UTF-8"?>
<!-- Generated by org.testng.reporters.JUnitReportReporter -->
<testsuite hostname="IITC-WS-QA02" name="smokeTestCasesOrders.TC21_order_multipledrop" tests="1" failures="0" timestamp="27 May 2019 12:23:16 GMT" time="10.028" errors="0">
  <testcase name="MultipleDropsSingleVersion" time="10.028" classname="smokeTestCasesOrders.TC21_order_multipledrop"/>
</testsuite> <!-- smokeTestCasesOrders.TC21_order_multipledrop -->
