<?xml version="1.0" encoding="UTF-8"?>
<!-- Generated by org.testng.reporters.JUnitReportReporter -->
<testsuite hostname="IITC-WS-QA02" name="testCasesOrders.TC18_order_estimateexport" tests="1" failures="0" timestamp="7 Mar 2018 10:36:51 GMT" time="57.301" errors="0">
  <testcase name="estimateExport" time="57.301" classname="testCasesOrders.TC18_order_estimateexport"/>
</testsuite> <!-- testCasesOrders.TC18_order_estimateexport -->
