<?xml version="1.0" encoding="UTF-8"?>
<!-- Generated by org.testng.reporters.JUnitReportReporter -->
<testsuite hostname="IITC-WS-QA02" name="smokeTestCasesEstimates.TC03_estimate_without_services" tests="1" failures="0" timestamp="11 Sep 2018 14:50:36 GMT" time="33.391" errors="0">
  <testcase name="estimatewithoutcservices" time="33.391" classname="smokeTestCasesEstimates.TC03_estimate_without_services"/>
</testsuite> <!-- smokeTestCasesEstimates.TC03_estimate_without_services -->
