<?xml version="1.0" encoding="UTF-8"?>
<!-- Generated by org.testng.reporters.JUnitReportReporter -->
<testsuite hostname="IITC-WS-QA02" name="testCases.TC10_estimate_exportorder" tests="1" failures="0" timestamp="12 Dec 2017 12:42:18 GMT" time="59.313" errors="0">
  <testcase name="OrderExport" time="59.313" classname="testCases.TC10_estimate_exportorder"/>
</testsuite> <!-- testCases.TC10_estimate_exportorder -->
