<?xml version="1.0" encoding="UTF-8"?>
<!-- Generated by org.testng.reporters.JUnitReportReporter -->
<testsuite hostname="IITC-WS-QA02" name="testCasesEstimates.TC02_estimate_without_customer" tests="1" failures="0" timestamp="7 Mar 2018 12:48:48 GMT" time="15.242" errors="0">
  <testcase name="estimatewithoutcustomer" time="15.242" classname="testCasesEstimates.TC02_estimate_without_customer"/>
</testsuite> <!-- testCasesEstimates.TC02_estimate_without_customer -->
