<?xml version="1.0" encoding="UTF-8"?>
<!-- Generated by org.testng.reporters.JUnitReportReporter -->
<testsuite hostname="IITC-WS-QA02" name="testCasesEstimatesTaxCalculations.estimate_misctaxescalculations" tests="8" failures="0" timestamp="7 Mar 2018 12:56:56 GMT" time="367.309" errors="0">
  <testcase name="estimate_TC08" time="60.533" classname="testCasesEstimatesTaxCalculations.estimate_misctaxescalculations"/>
  <testcase name="estimate_taxes" time="77.852" classname="testCasesEstimatesTaxCalculations.estimate_misctaxescalculations"/>
  <testcase name="estimate_TC07" time="38.771" classname="testCasesEstimatesTaxCalculations.estimate_misctaxescalculations"/>
  <testcase name="estimate_taxes_wizard" time="14.610" classname="testCasesEstimatesTaxCalculations.estimate_misctaxescalculations"/>
  <testcase name="estimate_TC05" time="39.033" classname="testCasesEstimatesTaxCalculations.estimate_misctaxescalculations"/>
  <testcase name="estimate_TC04" time="81.573" classname="testCasesEstimatesTaxCalculations.estimate_misctaxescalculations"/>
  <testcase name="estimate_TC06" time="24.409" classname="testCasesEstimatesTaxCalculations.estimate_misctaxescalculations"/>
  <testcase name="estimate_NoAction" time="30.528" classname="testCasesEstimatesTaxCalculations.estimate_misctaxescalculations"/>
</testsuite> <!-- testCasesEstimatesTaxCalculations.estimate_misctaxescalculations -->
