<?xml version="1.0" encoding="UTF-8"?>
<!-- Generated by org.testng.reporters.JUnitReportReporter -->
<testsuite hostname="IITC-WS-QA02" name="testCasesEstimates.TC05_estimate_taxcalculation" tests="1" failures="0" timestamp="7 Mar 2018 12:48:48 GMT" time="27.107" errors="0">
  <testcase name="estimatewithservice" time="27.107" classname="testCasesEstimates.TC05_estimate_taxcalculation"/>
</testsuite> <!-- testCasesEstimates.TC05_estimate_taxcalculation -->
