<?xml version="1.0" encoding="UTF-8"?>
<!-- Generated by org.testng.reporters.JUnitReportReporter -->
<testsuite hostname="IITC-WS-QA02" name="smokeTestCasesOrders.TC04_order_with_services" tests="1" failures="0" timestamp="27 May 2019 12:23:16 GMT" time="69.718" errors="0">
  <testcase name="orderwithservice" time="69.718" classname="smokeTestCasesOrders.TC04_order_with_services"/>
</testsuite> <!-- smokeTestCasesOrders.TC04_order_with_services -->
