<?xml version="1.0" encoding="UTF-8"?>
<!-- Generated by org.testng.reporters.JUnitReportReporter -->
<testsuite hostname="IITC-WS-QA02" name="testCasesOrders.TC16_order_versionadd" tests="1" failures="0" timestamp="7 Mar 2018 10:36:51 GMT" time="13.283" errors="0">
  <testcase name="verAdd" time="13.283" classname="testCasesOrders.TC16_order_versionadd"/>
</testsuite> <!-- testCasesOrders.TC16_order_versionadd -->
