<?xml version="1.0" encoding="UTF-8"?>
<!-- Generated by org.testng.reporters.JUnitReportReporter -->
<testsuite hostname="IITC-WS-QA02" name="testCases.TC04_estimate_with_services" tests="1" failures="0" timestamp="12 Dec 2017 12:42:18 GMT" time="49.082" errors="0">
  <testcase name="estimatewithservice" time="49.082" classname="testCases.TC04_estimate_with_services"/>
</testsuite> <!-- testCases.TC04_estimate_with_services -->
