<?xml version="1.0" encoding="UTF-8"?>
<!-- Generated by org.testng.reporters.JUnitReportReporter -->
<testsuite hostname="IITC-WS-QA02" name="smokeTestCasesOrders.TC19_order_singledrop1" tests="1" failures="0" timestamp="10 Sep 2018 15:06:48 GMT" time="97.460" errors="0">
  <testcase name="singledrop1" time="97.460" classname="smokeTestCasesOrders.TC19_order_singledrop1"/>
</testsuite> <!-- smokeTestCasesOrders.TC19_order_singledrop1 -->
