<?xml version="1.0" encoding="UTF-8"?>
<!-- Generated by org.testng.reporters.JUnitReportReporter -->
<testsuite hostname="IITC-WS-QA02" name="smokeTestCasesEstimates.TC12_estimate_attachments" tests="1" failures="0" timestamp="11 Sep 2018 14:50:36 GMT" time="36.231" errors="0">
  <testcase name="attachments" time="36.231" classname="smokeTestCasesEstimates.TC12_estimate_attachments"/>
</testsuite> <!-- smokeTestCasesEstimates.TC12_estimate_attachments -->
