<?xml version="1.0" encoding="UTF-8"?>
<!-- Generated by org.testng.reporters.JUnitReportReporter -->
<testsuite hostname="IITC-WS-QA02" name="smokeTestCasesPO.TC07_NewPO" tests="1" failures="0" timestamp="8 Apr 2019 10:53:36 GMT" time="63.065" errors="0">
  <testcase name="NewPO" time="63.065" classname="smokeTestCasesPO.TC07_NewPO"/>
</testsuite> <!-- smokeTestCasesPO.TC07_NewPO -->
