<?xml version="1.0" encoding="UTF-8"?>
<!-- Generated by org.testng.reporters.JUnitReportReporter -->
<testsuite hostname="IITC-WS-QA02" name="testCasesPrintCalculator.TC01_Login" tests="1" failures="0" timestamp="18 Dec 2017 13:20:48 GMT" time="4.644" errors="0">
  <testcase name="login_page" time="4.644" classname="testCasesPrintCalculator.TC01_Login"/>
</testsuite> <!-- testCasesPrintCalculator.TC01_Login -->
