<?xml version="1.0" encoding="UTF-8"?>
<!-- Generated by org.testng.reporters.JUnitReportReporter -->
<testsuite hostname="IITC-WS-QA02" name="testCasesOrders.TC06_order_with_wizardservices" tests="1" failures="0" timestamp="7 Mar 2018 10:36:51 GMT" time="26.198" errors="0">
  <testcase name="addWizardService" time="26.198" classname="testCasesOrders.TC06_order_with_wizardservices"/>
</testsuite> <!-- testCasesOrders.TC06_order_with_wizardservices -->
