<?xml version="1.0" encoding="UTF-8"?>
<!-- Generated by org.testng.reporters.JUnitReportReporter -->
<testsuite hostname="IITC-WS-QA02" name="testCases.TC15_estimate_printcalculator" tests="1" failures="0" timestamp="12 Dec 2017 12:42:18 GMT" time="57.082" errors="0">
  <testcase name="printCalculator" time="57.082" classname="testCases.TC15_estimate_printcalculator"/>
</testsuite> <!-- testCases.TC15_estimate_printcalculator -->
