<?xml version="1.0" encoding="UTF-8"?>
<!-- Generated by org.testng.reporters.JUnitReportReporter -->
<testsuite hostname="IITC-WS-QA02" name="smokeTestCasesEstimates.TC13_estimate_DeleteEstimate" tests="1" failures="0" timestamp="11 Sep 2018 14:50:36 GMT" time="14.329" errors="0">
  <testcase name="estimateDeletion" time="14.329" classname="smokeTestCasesEstimates.TC13_estimate_DeleteEstimate"/>
</testsuite> <!-- smokeTestCasesEstimates.TC13_estimate_DeleteEstimate -->
