<?xml version="1.0" encoding="UTF-8"?>
<!-- Generated by org.testng.reporters.JUnitReportReporter -->
<testsuite hostname="IITC-WS-QA02" name="testCases.estimate_without_customer" tests="1" failures="0" timestamp="3 Nov 2017 11:53:29 GMT" time="19.031" errors="0">
  <testcase name="estimatewithoutcustomer" time="19.031" classname="testCases.estimate_without_customer"/>
</testsuite> <!-- testCases.estimate_without_customer -->
