<?xml version="1.0" encoding="UTF-8"?>
<!-- Generated by org.testng.reporters.JUnitReportReporter -->
<testsuite hostname="IITC-WS-QA02" name="smokeTestCasesOrders.TC12_order_DeleteOrder" tests="1" failures="0" timestamp="10 Sep 2018 15:06:48 GMT" time="22.404" errors="0">
  <testcase name="estimateDeletion" time="22.404" classname="smokeTestCasesOrders.TC12_order_DeleteOrder"/>
</testsuite> <!-- smokeTestCasesOrders.TC12_order_DeleteOrder -->
