<?xml version="1.0" encoding="UTF-8"?>
<!-- Generated by org.testng.reporters.JUnitReportReporter -->
<testsuite hostname="IITC-WS-QA02" name="testCasesOrders.TC03_order_without_services" tests="1" failures="0" timestamp="7 Mar 2018 10:36:51 GMT" time="46.539" errors="0">
  <testcase name="orderwithoutcservices" time="46.539" classname="testCasesOrders.TC03_order_without_services"/>
</testsuite> <!-- testCasesOrders.TC03_order_without_services -->
