<?xml version="1.0" encoding="UTF-8"?>
<!-- Generated by org.testng.reporters.JUnitReportReporter -->
<testsuite hostname="IITC-WS-QA02" name="smokeTestCasesEstimates.TC10_estimate_exportorder" tests="1" failures="0" timestamp="11 Sep 2018 14:50:36 GMT" time="71.322" errors="0">
  <testcase name="OrderExport" time="71.322" classname="smokeTestCasesEstimates.TC10_estimate_exportorder"/>
</testsuite> <!-- smokeTestCasesEstimates.TC10_estimate_exportorder -->
