<?xml version="1.0" encoding="UTF-8"?>
<!-- Generated by org.testng.reporters.JUnitReportReporter -->
<testsuite hostname="IITC-WS-QA02" name="smokeTestCasesEstimates.TC11_estimate_copy" tests="1" failures="0" timestamp="11 Sep 2018 14:50:36 GMT" time="30.106" errors="0">
  <testcase name="estimateCopy" time="30.106" classname="smokeTestCasesEstimates.TC11_estimate_copy"/>
</testsuite> <!-- smokeTestCasesEstimates.TC11_estimate_copy -->
