<?xml version="1.0" encoding="UTF-8"?>
<!-- Generated by org.testng.reporters.JUnitReportReporter -->
<testsuite hostname="IITC-WS-QA02" name="testCasesOrders.TC07_order_with_swfservices" tests="1" failures="0" timestamp="7 Mar 2018 10:36:51 GMT" time="28.265" errors="0">
  <testcase name="addswf" time="28.265" classname="testCasesOrders.TC07_order_with_swfservices"/>
</testsuite> <!-- testCasesOrders.TC07_order_with_swfservices -->
