<?xml version="1.0" encoding="UTF-8"?>
<!-- Generated by org.testng.reporters.JUnitReportReporter -->
<testsuite hostname="IITC-WS-QA02" name="smokeTestCasesEstimatesTaxCalculations.TC01_Login" tests="1" failures="0" timestamp="12 Jun 2019 09:53:20 GMT" time="10.085" errors="0">
  <testcase name="login_page" time="10.085" classname="smokeTestCasesEstimatesTaxCalculations.TC01_Login"/>
</testsuite> <!-- smokeTestCasesEstimatesTaxCalculations.TC01_Login -->
