<?xml version="1.0" encoding="UTF-8"?>
<!-- Generated by org.testng.reporters.JUnitReportReporter -->
<testsuite hostname="IITC-WS-QA02" name="testCasesEstimates.TC01_Login" tests="1" failures="0" timestamp="7 Mar 2018 12:48:48 GMT" time="5.305" errors="0">
  <testcase name="login_page" time="5.305" classname="testCasesEstimates.TC01_Login"/>
</testsuite> <!-- testCasesEstimates.TC01_Login -->
