<?xml version="1.0" encoding="UTF-8"?>
<!-- Generated by org.testng.reporters.JUnitReportReporter -->
<testsuite hostname="IITC-WS-QA02" name="smokeTestCasesEstimates.TC09_estimate_contracttemplate" tests="1" failures="0" timestamp="11 Sep 2018 14:50:36 GMT" time="107.224" errors="0">
  <testcase name="addcontractTemplate" time="107.224" classname="smokeTestCasesEstimates.TC09_estimate_contracttemplate"/>
</testsuite> <!-- smokeTestCasesEstimates.TC09_estimate_contracttemplate -->
