<?xml version="1.0" encoding="UTF-8"?>
<!-- Generated by org.testng.reporters.JUnitReportReporter -->
<testsuite hostname="IITC-WS-QA02" name="testCasesEstimates.TC15_estimate_printcalculator" tests="1" failures="0" timestamp="7 Mar 2018 12:48:48 GMT" time="71.475" errors="0">
  <testcase name="printCalculator" time="71.475" classname="testCasesEstimates.TC15_estimate_printcalculator"/>
</testsuite> <!-- testCasesEstimates.TC15_estimate_printcalculator -->
