<?xml version="1.0" encoding="UTF-8"?>
<!-- Generated by org.testng.reporters.JUnitReportReporter -->
<testsuite hostname="IITC-WS-QA02" name="smokeTestCasesEstimates.TC06_estimate_with_wizardservices" tests="1" failures="0" timestamp="14 Jun 2019 13:32:12 GMT" time="25.548" errors="0">
  <testcase name="addWizardService" time="25.548" classname="smokeTestCasesEstimates.TC06_estimate_with_wizardservices"/>
</testsuite> <!-- smokeTestCasesEstimates.TC06_estimate_with_wizardservices -->
