<?xml version="1.0" encoding="UTF-8"?>
<!-- Generated by org.testng.reporters.JUnitReportReporter -->
<testsuite hostname="IITC-WS-QA02" name="smokeTestCasesOrders.TC17_order_versiondelete" tests="1" failures="0" timestamp="10 Sep 2018 15:06:48 GMT" time="25.273" errors="0">
  <testcase name="verAdd" time="25.273" classname="smokeTestCasesOrders.TC17_order_versiondelete"/>
</testsuite> <!-- smokeTestCasesOrders.TC17_order_versiondelete -->
