<?xml version="1.0" encoding="UTF-8"?>
<!-- Generated by org.testng.reporters.JUnitReportReporter -->
<testsuite hostname="IITC-WS-QA02" name="testCasesEstimatesTaxCalculations.TC02_estimate_misctaxescalculations" tests="3" failures="0" timestamp="26 Dec 2017 12:14:44 GMT" time="110.841" errors="0">
  <testcase name="estimate_taxes" time="64.997" classname="testCasesEstimatesTaxCalculations.TC02_estimate_misctaxescalculations"/>
  <testcase name="estimate_taxes_wizard" time="16.330" classname="testCasesEstimatesTaxCalculations.TC02_estimate_misctaxescalculations"/>
  <testcase name="estimate_NoAction" time="29.514" classname="testCasesEstimatesTaxCalculations.TC02_estimate_misctaxescalculations"/>
</testsuite> <!-- testCasesEstimatesTaxCalculations.TC02_estimate_misctaxescalculations -->
