<?xml version="1.0" encoding="UTF-8"?>
<!-- Generated by org.testng.reporters.JUnitReportReporter -->
<testsuite hostname="IITC-WS-QA02" name="smokeTestCasesPO.TC03_POOpen" tests="1" failures="0" timestamp="14 Jun 2019 07:59:53 GMT" time="15.389" errors="0">
  <testcase name="OpenPO" time="15.389" classname="smokeTestCasesPO.TC03_POOpen"/>
</testsuite> <!-- smokeTestCasesPO.TC03_POOpen -->
