<?xml version="1.0" encoding="UTF-8"?>
<!-- Generated by org.testng.reporters.JUnitReportReporter -->
<testsuite hostname="IITC-WS-QA02" name="smokeTestCasesOrders.TC06_order_with_wizardservices" tests="1" failures="0" timestamp="10 Sep 2018 15:06:48 GMT" time="22.615" errors="0">
  <testcase name="addWizardService" time="22.615" classname="smokeTestCasesOrders.TC06_order_with_wizardservices"/>
</testsuite> <!-- smokeTestCasesOrders.TC06_order_with_wizardservices -->
