<?xml version="1.0" encoding="UTF-8"?>
<!-- Generated by org.testng.reporters.JUnitReportReporter -->
<testsuite hostname="IITC-WS-QA02" name="smokeTestCasesEstimatesTaxCalculations.TC01_Login" tests="1" failures="0" timestamp="22 May 2018 12:27:26 GMT" time="7.965" errors="0">
  <testcase name="login_page" time="7.965" classname="smokeTestCasesEstimatesTaxCalculations.TC01_Login"/>
</testsuite> <!-- smokeTestCasesEstimatesTaxCalculations.TC01_Login -->
