<?xml version="1.0" encoding="UTF-8"?>
<!-- Generated by org.testng.reporters.JUnitReportReporter -->
<testsuite hostname="IITC-WS-QA02" name="smokeTestCasesOrders.TC18_order_estimateexport" tests="1" failures="0" timestamp="27 May 2019 12:23:16 GMT" time="10.088" errors="0">
  <testcase name="estimateExport" time="10.088" classname="smokeTestCasesOrders.TC18_order_estimateexport"/>
</testsuite> <!-- smokeTestCasesOrders.TC18_order_estimateexport -->
