<?xml version="1.0" encoding="UTF-8"?>
<!-- Generated by org.testng.reporters.JUnitReportReporter -->
<testsuite hostname="IITC-WS-QA02" name="smokeTestCasesPO.TC04_POCopy" tests="1" failures="0" timestamp="27 Mar 2019 12:16:23 GMT" time="9.074" errors="0">
  <testcase name="CopyPO" time="9.074" classname="smokeTestCasesPO.TC04_POCopy"/>
</testsuite> <!-- smokeTestCasesPO.TC04_POCopy -->
