<?xml version="1.0" encoding="UTF-8"?>
<!-- Generated by org.testng.reporters.JUnitReportReporter -->
<testsuite hostname="IITC-WS-QA02" name="testCases.TC08_estimate_with_awfservices" tests="1" failures="0" timestamp="12 Dec 2017 12:42:18 GMT" time="39.346" errors="0">
  <testcase name="addawf" time="39.346" classname="testCases.TC08_estimate_with_awfservices"/>
</testsuite> <!-- testCases.TC08_estimate_with_awfservices -->
