<?xml version="1.0" encoding="UTF-8"?>
<!-- Generated by org.testng.reporters.JUnitReportReporter -->
<testsuite hostname="IITC-WS-QA02" name="testCasesOrders.TC04_order_with_services" tests="1" failures="0" timestamp="7 Mar 2018 10:36:51 GMT" time="55.717" errors="0">
  <testcase name="orderwithservice" time="55.717" classname="testCasesOrders.TC04_order_with_services"/>
</testsuite> <!-- testCasesOrders.TC04_order_with_services -->
