<?xml version="1.0" encoding="UTF-8"?>
<!-- Generated by org.testng.reporters.JUnitReportReporter -->
<testsuite hostname="IITC-WS-QA02" name="testCases.TC01_Login" tests="1" failures="0" timestamp="12 Dec 2017 12:42:18 GMT" time="3.642" errors="0">
  <testcase name="login_page" time="3.642" classname="testCases.TC01_Login"/>
</testsuite> <!-- testCases.TC01_Login -->
