<?xml version="1.0" encoding="UTF-8"?>
<!-- Generated by org.testng.reporters.JUnitReportReporter -->
<testsuite hostname="Sumit" name="smokeTestCasesPO.TC02_POSearch" tests="1" failures="0" timestamp="19 Jun 2019 08:54:48 GMT" time="13.145" errors="0">
  <testcase name="POSearchScreen" time="13.145" classname="smokeTestCasesPO.TC02_POSearch"/>
</testsuite> <!-- smokeTestCasesPO.TC02_POSearch -->
