<?xml version="1.0" encoding="UTF-8"?>
<!-- Generated by org.testng.reporters.JUnitReportReporter -->
<testsuite hostname="IITC-WS-QA02" name="testCasesEstimates.TC08_estimate_with_awfservices" tests="1" failures="0" timestamp="7 Mar 2018 12:48:48 GMT" time="41.611" errors="0">
  <testcase name="addawf" time="41.611" classname="testCasesEstimates.TC08_estimate_with_awfservices"/>
</testsuite> <!-- testCasesEstimates.TC08_estimate_with_awfservices -->
