<?xml version="1.0" encoding="UTF-8"?>
<!-- Generated by org.testng.reporters.JUnitReportReporter -->
<testsuite hostname="IITC-WS-QA02" name="smokeTestCasesPO.TC06_NewPOCancel" tests="1" failures="0" timestamp="27 Mar 2019 12:16:23 GMT" time="38.456" errors="0">
  <testcase name="CancelPO" time="38.456" classname="smokeTestCasesPO.TC06_NewPOCancel"/>
</testsuite> <!-- smokeTestCasesPO.TC06_NewPOCancel -->
