<?xml version="1.0" encoding="UTF-8"?>
<!-- Generated by org.testng.reporters.JUnitReportReporter -->
<testsuite hostname="IITC-WS-QA02" name="smokeTestCasesEstimates.TC11_estimate_copy" tests="1" failures="0" timestamp="14 Jun 2019 13:32:12 GMT" time="31.117" errors="0">
  <testcase name="estimateCopy" time="31.117" classname="smokeTestCasesEstimates.TC11_estimate_copy"/>
</testsuite> <!-- smokeTestCasesEstimates.TC11_estimate_copy -->
