<?xml version="1.0" encoding="UTF-8"?>
<!-- Generated by org.testng.reporters.JUnitReportReporter -->
<testsuite hostname="IITC-WS-QA02" name="smokeTestCasesPO.TC01_Login" tests="1" failures="0" timestamp="18 Jun 2019 11:13:12 GMT" time="13.713" errors="0">
  <testcase name="login_page" time="13.713" classname="smokeTestCasesPO.TC01_Login"/>
</testsuite> <!-- smokeTestCasesPO.TC01_Login -->
