<?xml version="1.0" encoding="UTF-8"?>
<!-- Generated by org.testng.reporters.JUnitReportReporter -->
<testsuite hostname="IITC-WS-QA02" name="testCasesOrders.TC09_order_contracttemplate" tests="1" failures="0" timestamp="7 Mar 2018 10:36:51 GMT" time="105.202" errors="0">
  <testcase name="addcontractTemplate" time="105.202" classname="testCasesOrders.TC09_order_contracttemplate"/>
</testsuite> <!-- testCasesOrders.TC09_order_contracttemplate -->
