<?xml version="1.0" encoding="UTF-8"?>
<!-- Generated by org.testng.reporters.JUnitReportReporter -->
<testsuite hostname="IITC-WS-QA02" name="testCasesEstimates.TC06_estimate_with_wizardservices" tests="1" failures="0" timestamp="7 Mar 2018 12:48:48 GMT" time="13.446" errors="0">
  <testcase name="addWizardService" time="13.446" classname="testCasesEstimates.TC06_estimate_with_wizardservices"/>
</testsuite> <!-- testCasesEstimates.TC06_estimate_with_wizardservices -->
