<?xml version="1.0" encoding="UTF-8"?>
<!-- Generated by org.testng.reporters.JUnitReportReporter -->
<testsuite hostname="IITC-WS-QA02" name="smokeTestCasesOrders.TC18_order_estimateexport" tests="1" failures="0" timestamp="10 Sep 2018 15:06:48 GMT" time="54.506" errors="0">
  <testcase name="estimateExport" time="54.506" classname="smokeTestCasesOrders.TC18_order_estimateexport"/>
</testsuite> <!-- smokeTestCasesOrders.TC18_order_estimateexport -->
