<?xml version="1.0" encoding="UTF-8"?>
<!-- Generated by org.testng.reporters.JUnitReportReporter -->
<testsuite hostname="IITC-WS-QA02" name="smokeTestCasesOrders.TC03_order_without_services" tests="1" failures="0" timestamp="10 Sep 2018 15:06:48 GMT" time="47.373" errors="0">
  <testcase name="orderwithoutcservices" time="47.373" classname="smokeTestCasesOrders.TC03_order_without_services"/>
</testsuite> <!-- smokeTestCasesOrders.TC03_order_without_services -->
