<?xml version="1.0" encoding="UTF-8"?>
<!-- Generated by org.testng.reporters.JUnitReportReporter -->
<testsuite hostname="IITC-WS-QA02" name="testCasesOrders.TC11_order_copy" tests="1" failures="0" timestamp="19 Feb 2018 14:45:39 GMT" time="33.026" errors="0">
  <testcase name="estimateCopy" time="33.026" classname="testCasesOrders.TC11_order_copy"/>
</testsuite> <!-- testCasesOrders.TC11_order_copy -->
