<?xml version="1.0" encoding="UTF-8"?>
<!-- Generated by org.testng.reporters.JUnitReportReporter -->
<testsuite hostname="IITC-WS-QA02" name="smokeTestCasesOrders.TC10_order_copy" tests="1" failures="0" timestamp="10 Sep 2018 15:06:48 GMT" time="30.745" errors="0">
  <testcase name="orderCopy" time="30.745" classname="smokeTestCasesOrders.TC10_order_copy"/>
</testsuite> <!-- smokeTestCasesOrders.TC10_order_copy -->
