<?xml version="1.0" encoding="UTF-8"?>
<!-- Generated by org.testng.reporters.JUnitReportReporter -->
<testsuite hostname="IITC-WS-QA02" name="smokeTestCasesOrders.TC02_order_without_customer" tests="1" failures="0" timestamp="10 Sep 2018 15:06:48 GMT" time="21.973" errors="0">
  <testcase name="orderwithoutcustomer" time="21.973" classname="smokeTestCasesOrders.TC02_order_without_customer"/>
</testsuite> <!-- smokeTestCasesOrders.TC02_order_without_customer -->
