<?xml version="1.0" encoding="UTF-8"?>
<!-- Generated by org.testng.reporters.JUnitReportReporter -->
<testsuite hostname="IITC-WS-QA02" name="smokeTestCasesOrders.TC17_order_versiondelete" tests="1" failures="0" timestamp="27 May 2019 12:23:16 GMT" time="10.043" errors="0">
  <testcase name="verAdd" time="10.043" classname="smokeTestCasesOrders.TC17_order_versiondelete"/>
</testsuite> <!-- smokeTestCasesOrders.TC17_order_versiondelete -->
