<?xml version="1.0" encoding="UTF-8"?>
<!-- Generated by org.testng.reporters.JUnitReportReporter -->
<testsuite hostname="IITC-WS-QA02" name="smokeTestCasesEstimates.TC06_estimate_with_wizardservices" tests="1" failures="0" timestamp="11 Sep 2018 14:50:36 GMT" time="26.021" errors="0">
  <testcase name="addWizardService" time="26.021" classname="smokeTestCasesEstimates.TC06_estimate_with_wizardservices"/>
</testsuite> <!-- smokeTestCasesEstimates.TC06_estimate_with_wizardservices -->
