<?xml version="1.0" encoding="UTF-8"?>
<!-- Generated by org.testng.reporters.JUnitReportReporter -->
<testsuite hostname="IITC-WS-QA02" name="testCasesOrders.TC12_order_attachments" tests="1" failures="0" timestamp="19 Feb 2018 14:45:39 GMT" time="90.663" errors="0">
  <testcase name="attachments" time="90.663" classname="testCasesOrders.TC12_order_attachments"/>
</testsuite> <!-- testCasesOrders.TC12_order_attachments -->
