<?xml version="1.0" encoding="UTF-8"?>
<!-- Generated by org.testng.reporters.JUnitReportReporter -->
<testsuite hostname="IITC-WS-QA02" name="testCases.TC12_estimate_attachments" tests="1" failures="0" timestamp="12 Dec 2017 12:42:18 GMT" time="41.321" errors="0">
  <testcase name="attachments" time="41.321" classname="testCases.TC12_estimate_attachments"/>
</testsuite> <!-- testCases.TC12_estimate_attachments -->
