<?xml version="1.0" encoding="UTF-8"?>
<!-- Generated by org.testng.reporters.JUnitReportReporter -->
<testsuite hostname="IITC-WS-QA02" name="smokeTestCasesEstimates.TC02_estimate_without_customer" tests="1" failures="0" timestamp="14 Jun 2019 13:32:12 GMT" time="19.560" errors="0">
  <testcase name="estimatewithoutcustomer" time="19.560" classname="smokeTestCasesEstimates.TC02_estimate_without_customer"/>
</testsuite> <!-- smokeTestCasesEstimates.TC02_estimate_without_customer -->
