<?xml version="1.0" encoding="UTF-8"?>
<!-- Generated by org.testng.reporters.JUnitReportReporter -->
<testsuite hostname="IITC-WS-QA02" name="smokeTestCasesOrders.TC05_order_taxcalculation" tests="1" failures="0" timestamp="10 Sep 2018 15:06:48 GMT" time="20.642" errors="0">
  <testcase name="orderwithservice" time="20.642" classname="smokeTestCasesOrders.TC05_order_taxcalculation"/>
</testsuite> <!-- smokeTestCasesOrders.TC05_order_taxcalculation -->
