<?xml version="1.0" encoding="UTF-8"?>
<!-- Generated by org.testng.reporters.JUnitReportReporter -->
<testsuite hostname="IITC-WS-QA02" name="smokeTestCasesEstimates.TC07_estimate_with_swfservices" tests="1" failures="0" timestamp="14 Jun 2019 13:32:12 GMT" time="47.261" errors="0">
  <testcase name="addswf" time="47.261" classname="smokeTestCasesEstimates.TC07_estimate_with_swfservices"/>
</testsuite> <!-- smokeTestCasesEstimates.TC07_estimate_with_swfservices -->
