<?xml version="1.0" encoding="UTF-8"?>
<!-- Generated by org.testng.reporters.JUnitReportReporter -->
<testsuite hostname="IITC-WS-QA02" name="smokeTestCasesEstimates.TC05_estimate_taxcalculation" tests="1" failures="0" timestamp="14 Jun 2019 13:32:12 GMT" time="18.428" errors="0">
  <testcase name="estimatewithservice" time="18.428" classname="smokeTestCasesEstimates.TC05_estimate_taxcalculation"/>
</testsuite> <!-- smokeTestCasesEstimates.TC05_estimate_taxcalculation -->
