<?xml version="1.0" encoding="UTF-8"?>
<!-- Generated by org.testng.reporters.JUnitReportReporter -->
<testsuite hostname="IITC-WS-QA02" name="testCasesOrders.TC15_order_versionedit" tests="1" failures="0" timestamp="7 Mar 2018 10:36:51 GMT" time="50.016" errors="0">
  <testcase name="verTabEdit" time="50.016" classname="testCasesOrders.TC15_order_versionedit"/>
</testsuite> <!-- testCasesOrders.TC15_order_versionedit -->
