<?xml version="1.0" encoding="UTF-8"?>
<!-- Generated by org.testng.reporters.JUnitReportReporter -->
<testsuite hostname="IITC-WS-QA02" name="testCases.TC14_estimate_multipleqty" tests="1" failures="0" timestamp="12 Dec 2017 12:42:18 GMT" time="73.482" errors="0">
  <testcase name="MQ" time="73.482" classname="testCases.TC14_estimate_multipleqty"/>
</testsuite> <!-- testCases.TC14_estimate_multipleqty -->
