<?xml version="1.0" encoding="UTF-8"?>
<!-- Generated by org.testng.reporters.JUnitReportReporter -->
<testsuite hostname="IITC-WS-QA02" name="smokeTestCasesOrders.TC01_Login" tests="1" failures="0" timestamp="27 May 2019 12:23:16 GMT" time="6.361" errors="0">
  <testcase name="login_page" time="6.361" classname="smokeTestCasesOrders.TC01_Login"/>
</testsuite> <!-- smokeTestCasesOrders.TC01_Login -->
