<?xml version="1.0" encoding="UTF-8"?>
<!-- Generated by org.testng.reporters.JUnitReportReporter -->
<testsuite hostname="IITC-WS-QA02" name="smokeTestCasesEstimates.TC02_estimate_without_customer" tests="1" failures="0" timestamp="11 Sep 2018 14:50:36 GMT" time="18.418" errors="0">
  <testcase name="estimatewithoutcustomer" time="18.418" classname="smokeTestCasesEstimates.TC02_estimate_without_customer"/>
</testsuite> <!-- smokeTestCasesEstimates.TC02_estimate_without_customer -->
