<?xml version="1.0" encoding="UTF-8"?>
<!-- Generated by org.testng.reporters.JUnitReportReporter -->
<testsuite hostname="IITC-WS-QA02" name="smokeTestCasesEstimates.TC07_estimate_with_swfservices" tests="1" failures="0" timestamp="11 Sep 2018 14:50:36 GMT" time="32.797" errors="0">
  <testcase name="addswf" time="32.797" classname="smokeTestCasesEstimates.TC07_estimate_with_swfservices"/>
</testsuite> <!-- smokeTestCasesEstimates.TC07_estimate_with_swfservices -->
