<?xml version="1.0" encoding="UTF-8"?>
<!-- Generated by org.testng.reporters.JUnitReportReporter -->
<testsuite hostname="IITC-WS-QA02" name="testCasesEstimates.TC03_estimate_without_services" tests="1" failures="0" timestamp="7 Mar 2018 12:48:48 GMT" time="37.228" errors="0">
  <testcase name="estimatewithoutcservices" time="37.228" classname="testCasesEstimates.TC03_estimate_without_services"/>
</testsuite> <!-- testCasesEstimates.TC03_estimate_without_services -->
