<?xml version="1.0" encoding="UTF-8"?>
<!-- Generated by org.testng.reporters.JUnitReportReporter -->
<testsuite hostname="IITC-WS-QA02" name="smokeTestCasesPO.TC06_NewPOCancel" tests="1" failures="0" timestamp="14 Jun 2019 07:59:53 GMT" time="74.498" errors="0">
  <testcase name="CancelPO" time="74.498" classname="smokeTestCasesPO.TC06_NewPOCancel"/>
</testsuite> <!-- smokeTestCasesPO.TC06_NewPOCancel -->
