<?xml version="1.0" encoding="UTF-8"?>
<!-- Generated by org.testng.reporters.JUnitReportReporter -->
<testsuite hostname="IITC-WS-QA02" name="smokeTestCasesOrders.TC04_order_with_services" tests="1" failures="0" timestamp="10 Sep 2018 15:06:48 GMT" time="64.726" errors="0">
  <testcase name="orderwithservice" time="64.726" classname="smokeTestCasesOrders.TC04_order_with_services"/>
</testsuite> <!-- smokeTestCasesOrders.TC04_order_with_services -->
