<?xml version="1.0" encoding="UTF-8"?>
<!-- Generated by org.testng.reporters.JUnitReportReporter -->
<testsuite hostname="IITC-WS-QA02" name="smokeTestCasesPO.TC01_Login" tests="1" failures="0" timestamp="8 Apr 2019 10:53:36 GMT" time="6.273" errors="0">
  <testcase name="login_page" time="6.273" classname="smokeTestCasesPO.TC01_Login"/>
</testsuite> <!-- smokeTestCasesPO.TC01_Login -->
