<?xml version="1.0" encoding="UTF-8"?>
<!-- Generated by org.testng.reporters.JUnitReportReporter -->
<testsuite hostname="IITC-WS-QA02" name="testCases.TC09_estimate_contracttemplate" tests="1" failures="0" timestamp="12 Dec 2017 12:42:18 GMT" time="99.278" errors="0">
  <testcase name="addcontractTemplate" time="99.278" classname="testCases.TC09_estimate_contracttemplate"/>
</testsuite> <!-- testCases.TC09_estimate_contracttemplate -->
