<?xml version="1.0" encoding="UTF-8"?>
<!-- Generated by org.testng.reporters.JUnitReportReporter -->
<testsuite hostname="IITC-WS-QA02" name="smokeTestCasesOrders.TC13_order_printcalculator" tests="1" failures="0" timestamp="10 Sep 2018 15:06:48 GMT" time="131.845" errors="0">
  <testcase name="printCalculator" time="131.845" classname="smokeTestCasesOrders.TC13_order_printcalculator"/>
</testsuite> <!-- smokeTestCasesOrders.TC13_order_printcalculator -->
