<?xml version="1.0" encoding="UTF-8"?>
<!-- Generated by org.testng.reporters.JUnitReportReporter -->
<testsuite hostname="IITC-WS-QA02" name="testCasesOrders.TC12_order_DeleteOrder" tests="1" failures="0" timestamp="7 Mar 2018 10:36:51 GMT" time="22.279" errors="0">
  <testcase name="estimateDeletion" time="22.279" classname="testCasesOrders.TC12_order_DeleteOrder"/>
</testsuite> <!-- testCasesOrders.TC12_order_DeleteOrder -->
