<?xml version="1.0" encoding="UTF-8"?>
<!-- Generated by org.testng.reporters.JUnitReportReporter -->
<testsuite hostname="Sumit" name="smokeTestCasesPO.TC01_Login" tests="1" failures="0" timestamp="19 Jun 2019 08:54:48 GMT" time="13.907" errors="0">
  <testcase name="login_page" time="13.907" classname="smokeTestCasesPO.TC01_Login"/>
</testsuite> <!-- smokeTestCasesPO.TC01_Login -->
