<?xml version="1.0" encoding="UTF-8"?>
<!-- Generated by org.testng.reporters.JUnitReportReporter -->
<testsuite hostname="IITC-WS-QA02" name="smokeTestCasesEstimates.TC15_estimate_printcalculator" tests="1" failures="0" timestamp="11 Sep 2018 14:50:36 GMT" time="76.689" errors="0">
  <testcase name="printCalculator" time="76.689" classname="smokeTestCasesEstimates.TC15_estimate_printcalculator"/>
</testsuite> <!-- smokeTestCasesEstimates.TC15_estimate_printcalculator -->
