<?xml version="1.0" encoding="UTF-8"?>
<!-- Generated by org.testng.reporters.JUnitReportReporter -->
<testsuite hostname="IITC-WS-QA02" name="smokeTestCasesOrders.TC16_order_versionadd" tests="1" failures="0" timestamp="27 May 2019 12:23:16 GMT" time="10.028" errors="0">
  <testcase name="verAdd" time="10.028" classname="smokeTestCasesOrders.TC16_order_versionadd"/>
</testsuite> <!-- smokeTestCasesOrders.TC16_order_versionadd -->
