<?xml version="1.0" encoding="UTF-8"?>
<!-- Generated by org.testng.reporters.JUnitReportReporter -->
<testsuite hostname="IITC-WS-QA02" name="testCasesOrders.TC08_order_with_awfservices" tests="1" failures="0" timestamp="7 Mar 2018 10:36:51 GMT" time="51.738" errors="0">
  <testcase name="addawf" time="51.738" classname="testCasesOrders.TC08_order_with_awfservices"/>
</testsuite> <!-- testCasesOrders.TC08_order_with_awfservices -->
