<?xml version="1.0" encoding="UTF-8"?>
<!-- Generated by org.testng.reporters.JUnitReportReporter -->
<testsuite hostname="IITC-WS-QA02" name="smokeTestCasesPO.TC04_POCopy" tests="1" failures="0" timestamp="14 Jun 2019 07:59:53 GMT" time="17.602" errors="0">
  <testcase name="CopyPO" time="17.602" classname="smokeTestCasesPO.TC04_POCopy"/>
</testsuite> <!-- smokeTestCasesPO.TC04_POCopy -->
