<?xml version="1.0" encoding="UTF-8"?>
<!-- Generated by org.testng.reporters.JUnitReportReporter -->
<testsuite hostname="IITC-WS-QA02" name="smokeTestCasesPO.TC07_NewPO" tests="1" failures="0" timestamp="18 Jun 2019 11:13:12 GMT" time="110.202" errors="0">
  <testcase name="NewPO" time="110.202" classname="smokeTestCasesPO.TC07_NewPO"/>
</testsuite> <!-- smokeTestCasesPO.TC07_NewPO -->
