<?xml version="1.0" encoding="UTF-8"?>
<!-- Generated by org.testng.reporters.JUnitReportReporter -->
<testsuite hostname="IITC-WS-QA02" name="testCasesOrders.TC13_order_printcalculator" tests="1" failures="0" timestamp="7 Mar 2018 10:36:51 GMT" time="119.950" errors="0">
  <testcase name="printCalculator" time="119.950" classname="testCasesOrders.TC13_order_printcalculator"/>
</testsuite> <!-- testCasesOrders.TC13_order_printcalculator -->
