<?xml version="1.0" encoding="UTF-8"?>
<!-- Generated by org.testng.reporters.JUnitReportReporter -->
<testsuite hostname="IITC-WS-QA02" name="testCases.TC13_estimate_DeleteEstimate" tests="1" failures="0" timestamp="12 Dec 2017 12:42:18 GMT" time="14.278" errors="0">
  <testcase name="estimateDeletion" time="14.278" classname="testCases.TC13_estimate_DeleteEstimate"/>
</testsuite> <!-- testCases.TC13_estimate_DeleteEstimate -->
