<?xml version="1.0" encoding="UTF-8"?>
<!-- Generated by org.testng.reporters.JUnitReportReporter -->
<testsuite hostname="IITC-WS-QA02" name="smokeTestCasesOrders.TC08_order_with_awfservices" tests="1" failures="0" timestamp="10 Sep 2018 15:06:48 GMT" time="48.490" errors="0">
  <testcase name="addawf" time="48.490" classname="smokeTestCasesOrders.TC08_order_with_awfservices"/>
</testsuite> <!-- smokeTestCasesOrders.TC08_order_with_awfservices -->
