<?xml version="1.0" encoding="UTF-8"?>
<!-- Generated by org.testng.reporters.JUnitReportReporter -->
<testsuite hostname="IITC-WS-QA02" name="smokeTestCasesOrders.TC14_order_versioncopy" tests="1" failures="0" timestamp="10 Sep 2018 15:06:48 GMT" time="31.695" errors="0">
  <testcase name="verTabCopy" time="31.695" classname="smokeTestCasesOrders.TC14_order_versioncopy"/>
</testsuite> <!-- smokeTestCasesOrders.TC14_order_versioncopy -->
