<?xml version="1.0" encoding="UTF-8"?>
<!-- Generated by org.testng.reporters.JUnitReportReporter -->
<testsuite hostname="IITC-WS-QA02" name="testCasesOrders.TC11_order_attachments" tests="1" failures="0" timestamp="7 Mar 2018 10:36:51 GMT" time="89.568" errors="0">
  <testcase name="attachments" time="89.568" classname="testCasesOrders.TC11_order_attachments"/>
</testsuite> <!-- testCasesOrders.TC11_order_attachments -->
