<?xml version="1.0" encoding="UTF-8"?>
<!-- Generated by org.testng.reporters.JUnitReportReporter -->
<testsuite hostname="IITC-WS-QA02" name="smokeTestCasesOrders.TC11_order_attachments" tests="1" failures="0" timestamp="27 May 2019 12:23:16 GMT" time="10.073" errors="0">
  <testcase name="attachments" time="10.073" classname="smokeTestCasesOrders.TC11_order_attachments"/>
</testsuite> <!-- smokeTestCasesOrders.TC11_order_attachments -->
