<?xml version="1.0" encoding="UTF-8"?>
<!-- Generated by org.testng.reporters.JUnitReportReporter -->
<testsuite hostname="IITC-WS-QA02" name="testCasesOrders.TC17_order_versiondelete" tests="1" failures="0" timestamp="7 Mar 2018 10:36:51 GMT" time="23.226" errors="0">
  <testcase name="verAdd" time="23.226" classname="testCasesOrders.TC17_order_versiondelete"/>
</testsuite> <!-- testCasesOrders.TC17_order_versiondelete -->
