<?xml version="1.0" encoding="UTF-8"?>
<!-- Generated by org.testng.reporters.JUnitReportReporter -->
<testsuite hostname="IITC-WS-QA02" name="smokeTestCasesEstimatesTaxCalculations.estimate_misctaxescalculations" tests="10" failures="0" timestamp="12 Jun 2019 09:53:20 GMT" time="537.960" errors="0">
  <testcase name="estimate_taxes" time="88.180" classname="smokeTestCasesEstimatesTaxCalculations.estimate_misctaxescalculations"/>
  <testcase name="estimate_TC07" time="46.369" classname="smokeTestCasesEstimatesTaxCalculations.estimate_misctaxescalculations"/>
  <testcase name="estimate_TC08" time="59.599" classname="smokeTestCasesEstimatesTaxCalculations.estimate_misctaxescalculations"/>
  <testcase name="estimate_TC06" time="27.253" classname="smokeTestCasesEstimatesTaxCalculations.estimate_misctaxescalculations"/>
  <testcase name="estimate_taxes_wizard" time="13.420" classname="smokeTestCasesEstimatesTaxCalculations.estimate_misctaxescalculations"/>
  <testcase name="estimate_TC04" time="94.592" classname="smokeTestCasesEstimatesTaxCalculations.estimate_misctaxescalculations"/>
  <testcase name="estimate_TC05" time="50.102" classname="smokeTestCasesEstimatesTaxCalculations.estimate_misctaxescalculations"/>
  <testcase name="estimate_TC09" time="105.516" classname="smokeTestCasesEstimatesTaxCalculations.estimate_misctaxescalculations"/>
  <testcase name="estimate_NoAction" time="38.445" classname="smokeTestCasesEstimatesTaxCalculations.estimate_misctaxescalculations"/>
  <testcase name="estimate_TC10" time="14.484" classname="smokeTestCasesEstimatesTaxCalculations.estimate_misctaxescalculations"/>
</testsuite> <!-- smokeTestCasesEstimatesTaxCalculations.estimate_misctaxescalculations -->
