<?xml version="1.0" encoding="UTF-8"?>
<!-- Generated by org.testng.reporters.JUnitReportReporter -->
<testsuite hostname="IITC-WS-QA02" name="smokeTestCasesEstimates.TC04_estimate_with_services" tests="1" failures="0" timestamp="14 Jun 2019 13:32:12 GMT" time="60.196" errors="0">
  <testcase name="estimatewithservice" time="60.196" classname="smokeTestCasesEstimates.TC04_estimate_with_services"/>
</testsuite> <!-- smokeTestCasesEstimates.TC04_estimate_with_services -->
