<?xml version="1.0" encoding="UTF-8"?>
<!-- Generated by org.testng.reporters.JUnitReportReporter -->
<testsuite hostname="IITC-WS-QA02" name="smokeTestCasesPO.TC03_POFilter" tests="1" failures="0" timestamp="7 Mar 2019 11:00:39 GMT" time="8.643" errors="0">
  <testcase name="OpenPO" time="8.643" classname="smokeTestCasesPO.TC03_POFilter"/>
</testsuite> <!-- smokeTestCasesPO.TC03_POFilter -->
