<?xml version="1.0" encoding="UTF-8"?>
<!-- Generated by org.testng.reporters.JUnitReportReporter -->
<testsuite hostname="IITC-WS-QA02" name="testCasesOrders.TC01_Login" tests="1" failures="0" timestamp="7 Mar 2018 10:36:51 GMT" time="4.913" errors="0">
  <testcase name="login_page" time="4.913" classname="testCasesOrders.TC01_Login"/>
</testsuite> <!-- testCasesOrders.TC01_Login -->
