<?xml version="1.0" encoding="UTF-8"?>
<!-- Generated by org.testng.reporters.JUnitReportReporter -->
<testsuite hostname="IITC-WS-QA02" name="smokeTestCasesEstimates.TC01_Login" tests="1" failures="0" timestamp="14 Jun 2019 13:32:12 GMT" time="9.315" errors="0">
  <testcase name="login_page" time="9.315" classname="smokeTestCasesEstimates.TC01_Login"/>
</testsuite> <!-- smokeTestCasesEstimates.TC01_Login -->
