<?xml version="1.0" encoding="UTF-8"?>
<!-- Generated by org.testng.reporters.JUnitReportReporter -->
<testsuite hostname="IITC-WS-QA02" name="testCasesEstimates.TC13_estimate_DeleteEstimate" tests="1" failures="0" timestamp="7 Mar 2018 12:48:48 GMT" time="14.237" errors="0">
  <testcase name="estimateDeletion" time="14.237" classname="testCasesEstimates.TC13_estimate_DeleteEstimate"/>
</testsuite> <!-- testCasesEstimates.TC13_estimate_DeleteEstimate -->
