<?xml version="1.0" encoding="UTF-8"?>
<!-- Generated by org.testng.reporters.JUnitReportReporter -->
<testsuite hostname="IITC-WS-QA02" name="smokeTestCasesOrders.TC21_order_multipledrop" tests="1" failures="0" timestamp="10 Sep 2018 15:06:48 GMT" time="66.379" errors="0">
  <testcase name="MultipleDropsSingleVersion" time="66.379" classname="smokeTestCasesOrders.TC21_order_multipledrop"/>
</testsuite> <!-- smokeTestCasesOrders.TC21_order_multipledrop -->
