<?xml version="1.0" encoding="UTF-8"?>
<!-- Generated by org.testng.reporters.JUnitReportReporter -->
<testsuite hostname="IITC-WS-QA02" name="testCases.TC05_estimate_with_wizardservices" tests="1" failures="0" timestamp="8 Nov 2017 12:05:45 GMT" time="12.434" errors="0">
  <testcase name="addWizardService" time="12.434" classname="testCases.TC05_estimate_with_wizardservices"/>
</testsuite> <!-- testCases.TC05_estimate_with_wizardservices -->
