<?xml version="1.0" encoding="UTF-8"?>
<!-- Generated by org.testng.reporters.JUnitReportReporter -->
<testsuite hostname="IITC-WS-QA02" name="smokeTestCasesEstimates.TC08_estimate_with_awfservices" tests="1" failures="0" timestamp="11 Sep 2018 14:50:36 GMT" time="37.852" errors="0">
  <testcase name="addawf" time="37.852" classname="smokeTestCasesEstimates.TC08_estimate_with_awfservices"/>
</testsuite> <!-- smokeTestCasesEstimates.TC08_estimate_with_awfservices -->
