<?xml version="1.0" encoding="UTF-8"?>
<!-- Generated by org.testng.reporters.JUnitReportReporter -->
<testsuite hostname="IITC-WS-QA02" name="smokeTestCasesPO.TC03_POOpen" tests="1" failures="0" timestamp="27 Mar 2019 12:16:23 GMT" time="7.944" errors="0">
  <testcase name="OpenPO" time="7.944" classname="smokeTestCasesPO.TC03_POOpen"/>
</testsuite> <!-- smokeTestCasesPO.TC03_POOpen -->
