<?xml version="1.0" encoding="UTF-8"?>
<!-- Generated by org.testng.reporters.JUnitReportReporter -->
<testsuite hostname="IITC-WS-QA02" name="smokeTestCasesOrders.TC12_order_DeleteOrder" tests="1" failures="0" timestamp="27 May 2019 12:23:16 GMT" time="18.065" errors="0">
  <testcase name="estimateDeletion" time="18.065" classname="smokeTestCasesOrders.TC12_order_DeleteOrder"/>
</testsuite> <!-- smokeTestCasesOrders.TC12_order_DeleteOrder -->
