<?xml version="1.0" encoding="UTF-8"?>
<!-- Generated by org.testng.reporters.JUnitReportReporter -->
<testsuite hostname="IITC-WS-QA02" name="smokeTestCasesPO.TC02_POSearch" tests="1" failures="0" timestamp="18 Jun 2019 11:13:12 GMT" time="8.998" errors="0">
  <testcase name="POSearchScreen" time="8.998" classname="smokeTestCasesPO.TC02_POSearch"/>
</testsuite> <!-- smokeTestCasesPO.TC02_POSearch -->
