<?xml version="1.0" encoding="UTF-8"?>
<!-- Generated by org.testng.reporters.JUnitReportReporter -->
<testsuite hostname="IITC-WS-QA02" name="testCasesOrders.TC10_order_copy" tests="1" failures="0" timestamp="7 Mar 2018 10:36:51 GMT" time="33.000" errors="0">
  <testcase name="orderCopy" time="33.000" classname="testCasesOrders.TC10_order_copy"/>
</testsuite> <!-- testCasesOrders.TC10_order_copy -->
