<?xml version="1.0" encoding="UTF-8"?>
<!-- Generated by org.testng.reporters.JUnitReportReporter -->
<testsuite hostname="IITC-WS-QA02" name="smokeTestCasesEstimates.TC05_estimate_taxcalculation" tests="1" failures="0" timestamp="11 Sep 2018 14:50:36 GMT" time="19.816" errors="0">
  <testcase name="estimatewithservice" time="19.816" classname="smokeTestCasesEstimates.TC05_estimate_taxcalculation"/>
</testsuite> <!-- smokeTestCasesEstimates.TC05_estimate_taxcalculation -->
