<?xml version="1.0" encoding="UTF-8"?>
<!-- Generated by org.testng.reporters.JUnitReportReporter -->
<testsuite hostname="IITC-WS-QA02" name="smokeTestCasesEstimates.TC10_estimate_exportorder" tests="1" failures="0" timestamp="14 Jun 2019 13:32:12 GMT" time="92.021" errors="0">
  <testcase name="OrderExport" time="92.021" classname="smokeTestCasesEstimates.TC10_estimate_exportorder"/>
</testsuite> <!-- smokeTestCasesEstimates.TC10_estimate_exportorder -->
