<?xml version="1.0" encoding="UTF-8"?>
<!-- Generated by org.testng.reporters.JUnitReportReporter -->
<testsuite hostname="IITC-WS-QA02" name="testCasesEstimates.TC04_estimate_with_services" tests="1" failures="0" timestamp="7 Mar 2018 12:48:48 GMT" time="47.397" errors="0">
  <testcase name="estimatewithservice" time="47.397" classname="testCasesEstimates.TC04_estimate_with_services"/>
</testsuite> <!-- testCasesEstimates.TC04_estimate_with_services -->
