<?xml version="1.0" encoding="UTF-8"?>
<!-- Generated by org.testng.reporters.JUnitReportReporter -->
<testsuite hostname="IITC-WS-QA02" name="testCases.TC10_estimate_taxcalculation" tests="1" failures="0" timestamp="8 Nov 2017 12:05:45 GMT" time="29.842" errors="0">
  <testcase name="estimatewithservice" time="29.842" classname="testCases.TC10_estimate_taxcalculation"/>
</testsuite> <!-- testCases.TC10_estimate_taxcalculation -->
