<?xml version="1.0" encoding="UTF-8"?>
<!-- Generated by org.testng.reporters.JUnitReportReporter -->
<testsuite hostname="IITC-WS-QA02" name="testCases.TC11_estimate_copy" tests="1" failures="0" timestamp="12 Dec 2017 12:42:18 GMT" time="25.352" errors="0">
  <testcase name="estimateCopy" time="25.352" classname="testCases.TC11_estimate_copy"/>
</testsuite> <!-- testCases.TC11_estimate_copy -->
