<?xml version="1.0" encoding="UTF-8"?>
<!-- Generated by org.testng.reporters.JUnitReportReporter -->
<testsuite hostname="IITC-WS-QA02" name="smokeTestCasesPO.TC01_POSearch" tests="1" failures="0" timestamp="22 Feb 2019 11:21:42 GMT" time="21.051" errors="0">
  <testcase name="POSearchScreen" time="21.051" classname="smokeTestCasesPO.TC01_POSearch"/>
</testsuite> <!-- smokeTestCasesPO.TC01_POSearch -->
