<?xml version="1.0" encoding="UTF-8"?>
<!-- Generated by org.testng.reporters.JUnitReportReporter -->
<testsuite hostname="IITC-WS-QA02" name="smokeTestCasesEstimates.TC14_estimate_multipleqty" tests="1" failures="0" timestamp="11 Sep 2018 14:50:36 GMT" time="84.075" errors="0">
  <testcase name="MQ" time="84.075" classname="smokeTestCasesEstimates.TC14_estimate_multipleqty"/>
</testsuite> <!-- smokeTestCasesEstimates.TC14_estimate_multipleqty -->
