<?xml version="1.0" encoding="UTF-8"?>
<!-- Generated by org.testng.reporters.JUnitReportReporter -->
<testsuite hostname="IITC-WS-QA02" name="smokeTestCasesEstimates.TC01_Login" tests="1" failures="0" timestamp="11 Sep 2018 14:50:36 GMT" time="5.802" errors="0">
  <testcase name="login_page" time="5.802" classname="smokeTestCasesEstimates.TC01_Login"/>
</testsuite> <!-- smokeTestCasesEstimates.TC01_Login -->
