<?xml version="1.0" encoding="UTF-8"?>
<!-- Generated by org.testng.reporters.JUnitReportReporter -->
<testsuite hostname="IITC-WS-QA02" name="smokeTestCasesOrders.TC22_order_deletedrop" tests="1" failures="0" timestamp="10 Sep 2018 15:06:48 GMT" time="11.211" errors="0">
  <testcase name="deletedrop" time="11.211" classname="smokeTestCasesOrders.TC22_order_deletedrop"/>
</testsuite> <!-- smokeTestCasesOrders.TC22_order_deletedrop -->
