<?xml version="1.0" encoding="UTF-8"?>
<!-- Generated by org.testng.reporters.JUnitReportReporter -->
<testsuite hostname="IITC-WS-QA02" name="testCases.TC05_estimate_taxcalculation" tests="1" failures="0" timestamp="12 Dec 2017 12:42:18 GMT" time="25.958" errors="0">
  <testcase name="estimatewithservice" time="25.958" classname="testCases.TC05_estimate_taxcalculation"/>
</testsuite> <!-- testCases.TC05_estimate_taxcalculation -->
