<?xml version="1.0" encoding="UTF-8"?>
<!-- Generated by org.testng.reporters.JUnitReportReporter -->
<testsuite hostname="IITC-WS-QA02" name="smokeTestCasesPO.TC02_POSearch" tests="1" failures="0" timestamp="8 Apr 2019 10:53:36 GMT" time="8.046" errors="0">
  <testcase name="POSearchScreen" time="8.046" classname="smokeTestCasesPO.TC02_POSearch"/>
</testsuite> <!-- smokeTestCasesPO.TC02_POSearch -->
