<?xml version="1.0" encoding="UTF-8"?>
<!-- Generated by org.testng.reporters.JUnitReportReporter -->
<testsuite hostname="IITC-WS-QA02" name="smokeTestCasesOrders.TC15_order_versionedit" tests="1" failures="0" timestamp="10 Sep 2018 15:06:48 GMT" time="49.940" errors="0">
  <testcase name="verTabEdit" time="49.940" classname="smokeTestCasesOrders.TC15_order_versionedit"/>
</testsuite> <!-- smokeTestCasesOrders.TC15_order_versionedit -->
