<?xml version="1.0" encoding="UTF-8"?>
<!-- Generated by org.testng.reporters.JUnitReportReporter -->
<testsuite hostname="IITC-WS-QA02" name="smokeTestCasesOrders.TC03_order_without_services" tests="1" failures="0" timestamp="27 May 2019 12:23:16 GMT" time="52.637" errors="0">
  <testcase name="orderwithoutcservices" time="52.637" classname="smokeTestCasesOrders.TC03_order_without_services"/>
</testsuite> <!-- smokeTestCasesOrders.TC03_order_without_services -->
