<?xml version="1.0" encoding="UTF-8"?>
<!-- Generated by org.testng.reporters.JUnitReportReporter -->
<testsuite hostname="IITC-WS-QA02" name="smokeTestCasesOrders.TC02_order_without_customer" tests="1" failures="0" timestamp="27 May 2019 12:23:16 GMT" time="21.507" errors="0">
  <testcase name="orderwithoutcustomer" time="21.507" classname="smokeTestCasesOrders.TC02_order_without_customer"/>
</testsuite> <!-- smokeTestCasesOrders.TC02_order_without_customer -->
