<?xml version="1.0" encoding="UTF-8"?>
<!-- Generated by org.testng.reporters.JUnitReportReporter -->
<testsuite hostname="IITC-WS-QA02" name="smokeTestCasesOrders.TC15_order_versionedit" tests="1" failures="0" timestamp="27 May 2019 12:23:16 GMT" time="10.080" errors="0">
  <testcase name="verTabEdit" time="10.080" classname="smokeTestCasesOrders.TC15_order_versionedit"/>
</testsuite> <!-- smokeTestCasesOrders.TC15_order_versionedit -->
