<?xml version="1.0" encoding="UTF-8"?>
<!-- Generated by org.testng.reporters.JUnitReportReporter -->
<testsuite hostname="IITC-WS-QA02" name="testCasesEstimates.TC07_estimate_with_swfservices" tests="1" failures="0" timestamp="7 Mar 2018 12:48:48 GMT" time="38.485" errors="0">
  <testcase name="addswf" time="38.485" classname="testCasesEstimates.TC07_estimate_with_swfservices"/>
</testsuite> <!-- testCasesEstimates.TC07_estimate_with_swfservices -->
