<?xml version="1.0" encoding="UTF-8"?>
<!-- Generated by org.testng.reporters.JUnitReportReporter -->
<testsuite hostname="IITC-WS-QA02" name="testCasesEstimatesTaxCalculations.TC01_Login" tests="1" failures="0" timestamp="7 Mar 2018 12:56:56 GMT" time="5.761" errors="0">
  <testcase name="login_page" time="5.761" classname="testCasesEstimatesTaxCalculations.TC01_Login"/>
</testsuite> <!-- testCasesEstimatesTaxCalculations.TC01_Login -->
