<?xml version="1.0" encoding="UTF-8"?>
<!-- Generated by org.testng.reporters.JUnitReportReporter -->
<testsuite hostname="IITC-WS-QA02" name="testCasesEstimates.TC14_estimate_multipleqty" tests="1" failures="0" timestamp="7 Mar 2018 12:48:48 GMT" time="71.250" errors="0">
  <testcase name="MQ" time="71.250" classname="testCasesEstimates.TC14_estimate_multipleqty"/>
</testsuite> <!-- testCasesEstimates.TC14_estimate_multipleqty -->
