<?xml version="1.0" encoding="UTF-8"?>
<!-- Generated by org.testng.reporters.JUnitReportReporter -->
<testsuite hostname="IITC-WS-QA02" name="testCasesEstimates.TC11_estimate_copy" tests="1" failures="0" timestamp="7 Mar 2018 12:48:48 GMT" time="31.223" errors="0">
  <testcase name="estimateCopy" time="31.223" classname="testCasesEstimates.TC11_estimate_copy"/>
</testsuite> <!-- testCasesEstimates.TC11_estimate_copy -->
