<?xml version="1.0" encoding="UTF-8"?>
<!-- Generated by org.testng.reporters.JUnitReportReporter -->
<testsuite hostname="IITC-WS-QA02" name="smokeTestCasesOrders.TC20_order_singledrop_versiontab" tests="1" failures="0" timestamp="27 May 2019 12:23:16 GMT" time="13.054" errors="0">
  <testcase name="singledrop_vertab" time="13.054" classname="smokeTestCasesOrders.TC20_order_singledrop_versiontab"/>
</testsuite> <!-- smokeTestCasesOrders.TC20_order_singledrop_versiontab -->
