<?xml version="1.0" encoding="UTF-8"?>
<!-- Generated by org.testng.reporters.JUnitReportReporter -->
<testsuite hostname="IITC-WS-QA02" name="Webdriver_Practise.Webdriver_Practise.ReadExcel" tests="1" failures="0" timestamp="29 Aug 2018 13:41:15 GMT" time="3.804" errors="0">
  <testcase name="testSetup" time="3.804" classname="Webdriver_Practise.Webdriver_Practise.ReadExcel"/>
</testsuite> <!-- Webdriver_Practise.Webdriver_Practise.ReadExcel -->
