<?xml version="1.0" encoding="UTF-8"?>
<!-- Generated by org.testng.reporters.JUnitReportReporter -->
<testsuite hostname="IITC-WS-QA02" name="com.qa.printreach.PrintReachLogin" tests="2" failures="0" timestamp="16 Sep 2019 10:52:11 GMT" time="9.136" errors="0">
  <testcase name="login" time="3.409" classname="com.qa.printreach.PrintReachLogin"/>
  <testcase name="OpenBrowser" time="5.727" classname="com.qa.printreach.PrintReachLogin"/>
</testsuite> <!-- com.qa.printreach.PrintReachLogin -->
