<?xml version="1.0" encoding="UTF-8"?>
<!-- Generated by org.testng.reporters.JUnitReportReporter -->
<testsuite hostname="IITC-WS-QA02" name="SampleDataDrivenTestNg" tests="2" failures="0" timestamp="23 Sep 2019 14:36:56 GMT" time="37.558" errors="0">
  <testcase name="loginTest" time="19.214" classname="SampleDataDrivenTestNg"/>
  <testcase name="loginTest" time="18.344" classname="SampleDataDrivenTestNg"/>
</testsuite> <!-- SampleDataDrivenTestNg -->
