<?xml version="1.0" encoding="UTF-8"?>
<!-- Generated by org.testng.reporters.JUnitReportReporter -->
<testsuite hostname="Sumit" name="com.qa.shopfloor.test.SPLoginPageTest" tests="2" failures="0" timestamp="25 Sep 2019 13:48:37 GMT" time="39.804" errors="0">
  <testcase name="LoginTest" time="20.720" classname="com.qa.shopfloor.test.SPLoginPageTest"/>
  <testcase name="LoginTest" time="19.084" classname="com.qa.shopfloor.test.SPLoginPageTest"/>
</testsuite> <!-- com.qa.shopfloor.test.SPLoginPageTest -->
