<?xml version="1.0" encoding="UTF-8"?>
<!-- Generated by org.testng.reporters.JUnitReportReporter -->
<testsuite hostname="Sumit" name="com.qa.printreach.test.LoginPageTest" tests="3" failures="0" timestamp="19 Dec 2019 08:12:18 GMT" time="51.175" errors="0">
  <testcase name="validateLoginPageTitleTest" time="12.451" classname="com.qa.printreach.test.LoginPageTest"/>
  <testcase name="validateLoginPageTest" time="18.793" classname="com.qa.printreach.test.LoginPageTest"/>
  <testcase name="validateLoginPageImageTest" time="19.931" classname="com.qa.printreach.test.LoginPageTest"/>
</testsuite> <!-- com.qa.printreach.test.LoginPageTest -->
