<?xml version="1.0" encoding="UTF-8"?>
<!-- Generated by org.testng.reporters.JUnitReportReporter -->
<testsuite hostname="Sumit" name="com.qa.printreach.test.HomePageTest" tests="2" failures="0" timestamp="19 Dec 2019 08:12:18 GMT" time="42.586" errors="0">
  <testcase name="validateDashboardImageTest" time="18.201" classname="com.qa.printreach.test.HomePageTest"/>
  <testcase name="validateEstimateSearchPageTest" time="24.385" classname="com.qa.printreach.test.HomePageTest"/>
</testsuite> <!-- com.qa.printreach.test.HomePageTest -->
